<?xml version="1.0" encoding="utf-8"?><testsuites name="pytest tests"><testsuite name="pytest" errors="0" failures="0" skipped="0" tests="19" time="4.275" timestamp="2026-07-05T06:41:16.228697+00:00" hostname="agent-env-30259cc9-34fc-4e39-9424-6d62ffc95388"><testcase classname="tests.backend_test.TestAuth" name="test_admin_login" time="0.471" /><testcase classname="tests.backend_test.TestAuth" name="test_login_wrong_password" time="0.507" /><testcase classname="tests.backend_test.TestCustomers" name="test_list" time="0.980" /><testcase classname="tests.backend_test.TestAuth" name="test_me" time="0.101" /><testcase classname="tests.backend_test.TestCustomers" name="test_search_and_filter" time="0.132" /><testcase classname="tests.backend_test.TestAuth" name="test_me_unauthenticated" time="0.092" /><testcase classname="tests.backend_test.TestCustomers" name="test_crud_and_cascade" time="1.045" /><testcase classname="tests.backend_test.TestAuth" name="test_register_and_login" time="0.741" /><testcase classname="tests.backend_test.TestAuth" name="test_forgot_password" time="0.174" /><testcase classname="tests.backend_test.TestComplaints" name="test_list_with_customer" time="0.157" /><testcase classname="tests.backend_test.TestDashboard" name="test_stats" time="0.110" /><testcase classname="tests.backend_test.TestDashboard" name="test_activity" time="0.098" /><testcase classname="tests.backend_test.TestComplaints" name="test_create_partial_update_comment_attachment" time="0.865" /><testcase classname="tests.backend_test.TestSearch" name="test_search_empty" time="0.096" /><testcase classname="tests.backend_test.TestSearch" name="test_search_valid" time="0.101" /><testcase classname="tests.backend_test.TestTickets" name="test_list_and_create" time="0.461" /><testcase classname="tests.backend_test.TestNotifications" name="test_list_mark_read_all" time="0.456" /><testcase classname="tests.backend_test.TestInteractions" name="test_list_and_filter" time="0.196" /><testcase classname="tests.backend_test.TestInteractions" name="test_create" time="0.213" /></testsuite></testsuites>